Using pre-set license
Built from '2021.3/evg/staging/82bb020e-b03b1330/draft-0' branch; Version is '2021.3.16f1 (4016570cf34f) revision 4200023'; Using compiler version '192829333'; Build Type 'Release'
OS: 'Windows 11  (10.0.22621) 64bit Core' Language: 'en' Physical Memory: 32673 MB
BatchMode: 1, IsHumanControllingUs: 0, StartBugReporterOnCrash: 0, Is64bit: 1, IsPro: 1

COMMAND LINE ARGUMENTS:
C:\Program Files\Unity\Hub\Editor\2021.3.16f1\Editor\Unity.exe
-adb2
-batchMode
-noUpm
-name
AssetImportWorker3
-projectPath
C:/Users/chase/Documents/Unity/CIS4930/ExtendedStay/ExtendedStayUnity
-logFile
Logs/AssetImportWorker3.log
-srvPort
50703
Successfully changed project path to: C:/Users/chase/Documents/Unity/CIS4930/ExtendedStay/ExtendedStayUnity
C:/Users/chase/Documents/Unity/CIS4930/ExtendedStay/ExtendedStayUnity
[UnityMemory] Configuration Parameters - Can be set up in boot.config
    "memorysetup-bucket-allocator-granularity=16"
    "memorysetup-bucket-allocator-bucket-count=8"
    "memorysetup-bucket-allocator-block-size=33554432"
    "memorysetup-bucket-allocator-block-count=8"
    "memorysetup-main-allocator-block-size=16777216"
    "memorysetup-thread-allocator-block-size=16777216"
    "memorysetup-gfx-main-allocator-block-size=16777216"
    "memorysetup-gfx-thread-allocator-block-size=16777216"
    "memorysetup-cache-allocator-block-size=4194304"
    "memorysetup-typetree-allocator-block-size=2097152"
    "memorysetup-profiler-bucket-allocator-granularity=16"
    "memorysetup-profiler-bucket-allocator-bucket-count=8"
    "memorysetup-profiler-bucket-allocator-block-size=33554432"
    "memorysetup-profiler-bucket-allocator-block-count=8"
    "memorysetup-profiler-allocator-block-size=16777216"
    "memorysetup-profiler-editor-allocator-block-size=1048576"
    "memorysetup-temp-allocator-size-main=16777216"
    "memorysetup-job-temp-allocator-block-size=2097152"
    "memorysetup-job-temp-allocator-block-size-background=1048576"
    "memorysetup-job-temp-allocator-reduction-small-platforms=262144"
    "memorysetup-temp-allocator-size-background-worker=32768"
    "memorysetup-temp-allocator-size-job-worker=262144"
    "memorysetup-temp-allocator-size-preload-manager=33554432"
    "memorysetup-temp-allocator-size-nav-mesh-worker=65536"
    "memorysetup-temp-allocator-size-audio-worker=65536"
    "memorysetup-temp-allocator-size-cloud-worker=32768"
    "memorysetup-temp-allocator-size-gi-baking-worker=262144"
    "memorysetup-temp-allocator-size-gfx=262144"
Player connection [23020] Host "[IP] 10.2.0.250 [Port] 0 [Flags] 2 [Guid] 848495005 [EditorId] 848495005 [Version] 1048832 [Id] WindowsEditor(7,ZinPC) [Debug] 1 [PackageName] WindowsEditor [ProjectName] Editor" joined multi-casting on [225.0.0.222:54997]...

Player connection [23020] Host "[IP] 10.2.0.250 [Port] 0 [Flags] 2 [Guid] 848495005 [EditorId] 848495005 [Version] 1048832 [Id] WindowsEditor(7,ZinPC) [Debug] 1 [PackageName] WindowsEditor [ProjectName] Editor" joined alternative multi-casting on [225.0.0.222:34997]...

Refreshing native plugins compatible for Editor in 132.44 ms, found 12 plugins.
Preloading 1 native plugins for Editor in 0.53 ms.
Initialize engine version: 2021.3.16f1 (4016570cf34f)
[Subsystems] Discovering subsystems at path C:/Program Files/Unity/Hub/Editor/2021.3.16f1/Editor/Data/Resources/UnitySubsystems
[Subsystems] Discovering subsystems at path C:/Users/chase/Documents/Unity/CIS4930/ExtendedStay/ExtendedStayUnity/Assets
GfxDevice: creating device client; threaded=0; jobified=0
Direct3D:
    Version:  Direct3D 11.0 [level 11.1]
    Renderer: NVIDIA GeForce RTX 2080 SUPER (ID=0x1e81)
    Vendor:   NVIDIA
    VRAM:     8001 MB
    Driver:   31.0.15.2849
Initialize mono
Mono path[0] = 'C:/Program Files/Unity/Hub/Editor/2021.3.16f1/Editor/Data/Managed'
Mono path[1] = 'C:/Program Files/Unity/Hub/Editor/2021.3.16f1/Editor/Data/MonoBleedingEdge/lib/mono/unityjit-win32'
Mono config path = 'C:/Program Files/Unity/Hub/Editor/2021.3.16f1/Editor/Data/MonoBleedingEdge/etc'
Using monoOptions --debugger-agent=transport=dt_socket,embedding=1,server=y,suspend=n,address=127.0.0.1:56008
Begin MonoManager ReloadAssembly
Registering precompiled unity dll's ...
Register platform support module: C:/Program Files/Unity/Hub/Editor/2021.3.16f1/Editor/Data/PlaybackEngines/WindowsStandaloneSupport/UnityEditor.WindowsStandalone.Extensions.dll
Registered in 0.004140 seconds.
Native extension for WindowsStandalone target not found
Refreshing native plugins compatible for Editor in 120.07 ms, found 12 plugins.
Preloading 1 native plugins for Editor in 0.07 ms.
Mono: successfully reloaded assembly
- Completed reload, in  0.607 seconds
Domain Reload Profiling:
	ReloadAssembly (607ms)
		BeginReloadAssembly (59ms)
			ExecutionOrderSort (0ms)
			DisableScriptedObjects (0ms)
			BackupInstance (0ms)
			ReleaseScriptingObjects (0ms)
			CreateAndSetChildDomain (1ms)
		EndReloadAssembly (451ms)
			LoadAssemblies (57ms)
			RebuildTransferFunctionScriptingTraits (0ms)
			SetupTypeCache (96ms)
			ReleaseScriptCaches (0ms)
			RebuildScriptCaches (22ms)
			SetupLoadedEditorAssemblies (286ms)
				LogAssemblyErrors (0ms)
				InitializePlatformSupportModulesInManaged (6ms)
				SetLoadedEditorAssemblies (0ms)
				RefreshPlugins (120ms)
				BeforeProcessingInitializeOnLoad (1ms)
				ProcessInitializeOnLoadAttributes (121ms)
				ProcessInitializeOnLoadMethodAttributes (37ms)
				AfterProcessingInitializeOnLoad (0ms)
				EditorAssembliesLoaded (0ms)
			ExecutionOrderSort2 (0ms)
			AwakeInstancesAfterBackupRestoration (0ms)
Platform modules already initialized, skipping
Registering precompiled user dll's ...
Registered in 0.011740 seconds.
Begin MonoManager ReloadAssembly
Symbol file LoadedFromMemory doesn't match image C:\Users\chase\Documents\Unity\CIS4930\ExtendedStay\ExtendedStayUnity\Library\PackageCache\com.unity.visualscripting@1.7.8\Editor\VisualScripting.Core\Dependencies\DotNetZip\Unity.VisualScripting.IonicZip.dll
Symbol file LoadedFromMemory doesn't match image C:\Users\chase\Documents\Unity\CIS4930\ExtendedStay\ExtendedStayUnity\Library\PackageCache\com.unity.visualscripting@1.7.8\Editor\VisualScripting.Core\Dependencies\YamlDotNet\Unity.VisualScripting.YamlDotNet.dll
Native extension for WindowsStandalone target not found
Refreshing native plugins compatible for Editor in 124.82 ms, found 12 plugins.
Preloading 1 native plugins for Editor in 0.08 ms.
Package Manager log level set to [2]
System.Reflection.TargetInvocationException: Exception has been thrown by the target of an invocation. ---> System.NullReferenceException: Object reference not set to an instance of an object
  at Unity.XR.Oculus.OculusLoader.AssetPathToAbsolutePath (System.String assetPath) [0x0003d] in C:\Users\chase\Documents\Unity\CIS4930\ExtendedStay\ExtendedStayUnity\Library\PackageCache\com.unity.xr.oculus@3.2.2\Runtime\OculusLoader.cs:296 
  at Unity.XR.Oculus.OculusLoader.EditorLoadOVRPlugin () [0x0007b] in C:\Users\chase\Documents\Unity\CIS4930\ExtendedStay\ExtendedStayUnity\Library\PackageCache\com.unity.xr.oculus@3.2.2\Runtime\OculusLoader.cs:281 
  at (wrapper managed-to-native) System.Reflection.RuntimeMethodInfo.InternalInvoke(System.Reflection.RuntimeMethodInfo,object,object[],System.Exception&)
  at System.Reflection.RuntimeMethodInfo.Invoke (System.Object obj, System.Reflection.BindingFlags invokeAttr, System.Reflection.Binder binder, System.Object[] parameters, System.Globalization.CultureInfo culture) [0x0006a] in <75633565436c42f0a6426b33f0132ade>:0 
   --- End of inner exception stack trace ---
  at System.Reflection.RuntimeMethodInfo.Invoke (System.Object obj, System.Reflection.BindingFlags invokeAttr, System.Reflection.Binder binder, System.Object[] parameters, System.Globalization.CultureInfo culture) [0x00083] in <75633565436c42f0a6426b33f0132ade>:0 
  at System.Reflection.MethodBase.Invoke (System.Object obj, System.Object[] parameters) [0x00000] in <75633565436c42f0a6426b33f0132ade>:0 
  at UnityEditor.EditorAssemblies.ProcessInitializeOnLoadMethodAttributes () [0x000a5] in <11d97693183d4a6bb35c29ae7882c66b>:0 
UnityEngine.StackTraceUtility:ExtractStackTrace ()
UnityEngine.DebugLogHandler:LogFormat (UnityEngine.LogType,UnityEngine.Object,string,object[])
UnityEngine.Logger:Log (UnityEngine.LogType,object)
UnityEngine.Debug:LogError (object)
UnityEditor.EditorAssemblies:ProcessInitializeOnLoadMethodAttributes ()

Mono: successfully reloaded assembly
- Completed reload, in  5.883 seconds
Domain Reload Profiling:
	ReloadAssembly (5883ms)
		BeginReloadAssembly (95ms)
			ExecutionOrderSort (0ms)
			DisableScriptedObjects (5ms)
			BackupInstance (0ms)
			ReleaseScriptingObjects (0ms)
			CreateAndSetChildDomain (18ms)
		EndReloadAssembly (5675ms)
			LoadAssemblies (3321ms)
			RebuildTransferFunctionScriptingTraits (0ms)
			SetupTypeCache (708ms)
			ReleaseScriptCaches (1ms)
			RebuildScriptCaches (59ms)
			SetupLoadedEditorAssemblies (1543ms)
				LogAssemblyErrors (0ms)
				InitializePlatformSupportModulesInManaged (3ms)
				SetLoadedEditorAssemblies (0ms)
				RefreshPlugins (125ms)
				BeforeProcessingInitializeOnLoad (120ms)
				ProcessInitializeOnLoadAttributes (423ms)
				ProcessInitializeOnLoadMethodAttributes (863ms)
				AfterProcessingInitializeOnLoad (7ms)
				EditorAssembliesLoaded (0ms)
			ExecutionOrderSort2 (0ms)
			AwakeInstancesAfterBackupRestoration (5ms)
Platform modules already initialized, skipping
========================================================================
Worker process is ready to serve import requests
Launched and connected shader compiler UnityShaderCompiler.exe after 0.04 seconds
Refreshing native plugins compatible for Editor in 1.29 ms, found 12 plugins.
Preloading 1 native plugins for Editor in 0.11 ms.
Unloading 5867 Unused Serialized files (Serialized files now loaded: 0)
Unloading 64 unused Assets / (0.8 MB). Loaded Objects now: 6296.
Memory consumption went from 228.2 MB to 227.5 MB.
Total: 4.716800 ms (FindLiveObjects: 0.509700 ms CreateObjectMapping: 0.267200 ms MarkObjects: 3.564100 ms  DeleteObjects: 0.375000 ms)

AssetImportParameters requested are different than current active one (requested -> active):
  custom:video-decoder-ogg-theora: a1e56fd34408186e4bbccfd4996cb3dc -> 
  custom:container-muxer-webm: aa71ff27fc2769a1b78a27578f13a17b -> 
  custom:container-demuxer-webm: 4f35f7cbe854078d1ac9338744f61a02 -> 
  custom:video-encoder-webm-vp8: eb34c28f22e8b96e1ab97ce403110664 -> 
  custom:video-codec-MediaFoundation-h265: 746d11721c4dcdbdad8f713fa42b33f4 -> 
  custom:audio-encoder-webm-vorbis: bf7c407c2cedff20999df2af8eb42d56 -> 
  custom:framework-win-MediaFoundation: 216162199b28c13a410421893ffa2e32 -> 
  custom:container-demuxer-ogg: 62fdf1f143b41e24485cea50d1cbac27 -> 
  custom:video-decoder-webm-vp8: 9c59270c3fd7afecdb556c50c9e8de78 -> 
  custom:audio-decoder-ogg-vorbis: bf7c407c2cedff20999df2af8eb42d56 -> 
========================================================================
Received Import Request.
  Time since last request: 81515.159974 seconds.
  path: Assets/Scenes/Ship.blend
  artifactKey: Guid(5f1d7e3facdb4414db31f699782bbad1) Importer(815301076,1909f56bfc062723c751e8b465ee728b)
Start importing Assets/Scenes/Ship.blend using Guid(5f1d7e3facdb4414db31f699782bbad1) Importer(815301076,1909f56bfc062723c751e8b465ee728b)  -> (artifact id: 'b5a7b501471e46db76af0ef151344c49') in 0.632623 seconds 
========================================================================
Received Import Request.
  Time since last request: 0.000033 seconds.
  path: Assets/Scenes/Interior.mat
  artifactKey: Guid(164bf37772c7249398c7362f0be2a425) Importer(815301076,1909f56bfc062723c751e8b465ee728b)
Start importing Assets/Scenes/Interior.mat using Guid(164bf37772c7249398c7362f0be2a425) Importer(815301076,1909f56bfc062723c751e8b465ee728b)  -> (artifact id: 'ad402fbe626e6e174345ed18c21e604c') in 0.022741 seconds 
========================================================================
Received Import Request.
  Time since last request: 62.867079 seconds.
  path: Packages/com.unity.searcher/Editor/Resources/FlatSkin/Font/Roboto-BlackItalic.ttf
  artifactKey: Guid(f95147a9bab9fe649b8070170fa7ebd2) Importer(815301076,1909f56bfc062723c751e8b465ee728b)
Start importing Packages/com.unity.searcher/Editor/Resources/FlatSkin/Font/Roboto-BlackItalic.ttf using Guid(f95147a9bab9fe649b8070170fa7ebd2) Importer(815301076,1909f56bfc062723c751e8b465ee728b)  -> (artifact id: '04431e16be63329487ca8ac3a70935fe') in 0.034710 seconds 
========================================================================
Received Import Request.
  Time since last request: 243.408335 seconds.
  path: Assets/NewMaterials/LightReplacement.mat
  artifactKey: Guid(1533ef569c3dc1d4ebd22bc4ddf75559) Importer(815301076,1909f56bfc062723c751e8b465ee728b)
Start importing Assets/NewMaterials/LightReplacement.mat using Guid(1533ef569c3dc1d4ebd22bc4ddf75559) Importer(815301076,1909f56bfc062723c751e8b465ee728b)  -> (artifact id: '7d9fb25309cbd9da8fea79aef7e58401') in 0.015085 seconds 
========================================================================
Received Import Request.
  Time since last request: 976.795394 seconds.
  path: Assets/NewMaterials/LightReplacement.mat
  artifactKey: Guid(1533ef569c3dc1d4ebd22bc4ddf75559) Importer(815301076,1909f56bfc062723c751e8b465ee728b)
Start importing Assets/NewMaterials/LightReplacement.mat using Guid(1533ef569c3dc1d4ebd22bc4ddf75559) Importer(815301076,1909f56bfc062723c751e8b465ee728b)  -> (artifact id: 'd648bca7678e888cd99514947b850063') in 0.011335 seconds 
========================================================================
Received Import Request.
  Time since last request: 0.000022 seconds.
  path: Assets/NewMaterials/ShipInterior.mat
  artifactKey: Guid(67dc7922cb07c4c6ca34fa418f57ac64) Importer(815301076,1909f56bfc062723c751e8b465ee728b)
Start importing Assets/NewMaterials/ShipInterior.mat using Guid(67dc7922cb07c4c6ca34fa418f57ac64) Importer(815301076,1909f56bfc062723c751e8b465ee728b)  -> (artifact id: 'b042cda7ca63c329e33301a693f14c53') in 0.616868 seconds 
========================================================================
Received Import Request.
  Time since last request: 406.636804 seconds.
  path: Assets/NewMaterials/Hollo.mat
  artifactKey: Guid(c951cbe81afffde43b9df5bef2427163) Importer(815301076,1909f56bfc062723c751e8b465ee728b)
Start importing Assets/NewMaterials/Hollo.mat using Guid(c951cbe81afffde43b9df5bef2427163) Importer(815301076,1909f56bfc062723c751e8b465ee728b)  -> (artifact id: '9584779cb7c21c4c876a468049a137ff') in 0.570005 seconds 
========================================================================
Received Import Request.
  Time since last request: 418.403784 seconds.
  path: Assets/NewMaterials/Hollo.mat
  artifactKey: Guid(c951cbe81afffde43b9df5bef2427163) Importer(815301076,1909f56bfc062723c751e8b465ee728b)
Start importing Assets/NewMaterials/Hollo.mat using Guid(c951cbe81afffde43b9df5bef2427163) Importer(815301076,1909f56bfc062723c751e8b465ee728b)  -> (artifact id: '66f0c1cfcf7f9edcd7e47a8e8aa5b4d5') in 0.010764 seconds 
========================================================================
Received Import Request.
  Time since last request: 220.665329 seconds.
  path: Assets/NewMaterials/Thrust.mat
  artifactKey: Guid(568875e4651f34048a69eff71873bca4) Importer(815301076,1909f56bfc062723c751e8b465ee728b)
Start importing Assets/NewMaterials/Thrust.mat using Guid(568875e4651f34048a69eff71873bca4) Importer(815301076,1909f56bfc062723c751e8b465ee728b)  -> (artifact id: 'da225ce75b503999239ed93a8db1ea0f') in 0.010723 seconds 
========================================================================
Received Import Request.
  Time since last request: 477.106091 seconds.
  path: Assets/ExampleAssets/Materials/Skybox Light.mat
  artifactKey: Guid(3a408e788dcbed6429c8d22a01b32a76) Importer(815301076,1909f56bfc062723c751e8b465ee728b)
Start importing Assets/ExampleAssets/Materials/Skybox Light.mat using Guid(3a408e788dcbed6429c8d22a01b32a76) Importer(815301076,1909f56bfc062723c751e8b465ee728b)  -> (artifact id: 'd87b0c0ffc6acec63704e5f43e07d8ae') in 0.022462 seconds 
========================================================================
Received Import Request.
  Time since last request: 111.571339 seconds.
  path: Assets/ExampleAssets/Models/XRControllerLeft.fbx
  artifactKey: Guid(e48d18018a0ba46c283d9fd9c227e578) Importer(815301076,1909f56bfc062723c751e8b465ee728b)
Start importing Assets/ExampleAssets/Models/XRControllerLeft.fbx using Guid(e48d18018a0ba46c283d9fd9c227e578) Importer(815301076,1909f56bfc062723c751e8b465ee728b)  -> (artifact id: '9dbd3ba5623c2c5310ef27d1504ad475') in 0.119776 seconds 
========================================================================
Received Import Request.
  Time since last request: 1.220429 seconds.
  path: Packages/com.unity.searcher/Editor/Resources/FlatSkin/Font/Roboto-MediumItalic.ttf
  artifactKey: Guid(d93c1bc57fdf1ac4dad1bf04fac05464) Importer(815301076,1909f56bfc062723c751e8b465ee728b)
Start importing Packages/com.unity.searcher/Editor/Resources/FlatSkin/Font/Roboto-MediumItalic.ttf using Guid(d93c1bc57fdf1ac4dad1bf04fac05464) Importer(815301076,1909f56bfc062723c751e8b465ee728b)  -> (artifact id: '3e1c905e6397042d91c5c9971edfa1e4') in 0.018720 seconds 
========================================================================
Received Import Request.
  Time since last request: 0.000025 seconds.
  path: Packages/com.unity.searcher/Editor/Resources/FlatSkin/Font/Roboto-ThinItalic.ttf
  artifactKey: Guid(b2ea3b3f1765e544b9eb5bd1a93a91ce) Importer(815301076,1909f56bfc062723c751e8b465ee728b)
Start importing Packages/com.unity.searcher/Editor/Resources/FlatSkin/Font/Roboto-ThinItalic.ttf using Guid(b2ea3b3f1765e544b9eb5bd1a93a91ce) Importer(815301076,1909f56bfc062723c751e8b465ee728b)  -> (artifact id: 'aef91470b7c6ae3c6af1b7fe809cb62d') in 0.017531 seconds 
========================================================================
Received Import Request.
  Time since last request: 0.000025 seconds.
  path: Packages/com.unity.searcher/Editor/Resources/FlatSkin/Font/Roboto-Regular.ttf
  artifactKey: Guid(30dc370b164eefc43b95744fc796dad0) Importer(815301076,1909f56bfc062723c751e8b465ee728b)
Start importing Packages/com.unity.searcher/Editor/Resources/FlatSkin/Font/Roboto-Regular.ttf using Guid(30dc370b164eefc43b95744fc796dad0) Importer(815301076,1909f56bfc062723c751e8b465ee728b)  -> (artifact id: '7e6be30017b0c161d1a303c84a815347') in 0.017821 seconds 
========================================================================
Received Import Request.
  Time since last request: 0.000032 seconds.
  path: Packages/com.unity.searcher/Editor/Resources/FlatSkin/Font/Roboto-Medium.ttf
  artifactKey: Guid(a51a3aebb43ac044989270407476b208) Importer(815301076,1909f56bfc062723c751e8b465ee728b)
Start importing Packages/com.unity.searcher/Editor/Resources/FlatSkin/Font/Roboto-Medium.ttf using Guid(a51a3aebb43ac044989270407476b208) Importer(815301076,1909f56bfc062723c751e8b465ee728b)  -> (artifact id: 'a6e90b3fad8e1466d3c4b16c8eec938d') in 0.019046 seconds 
========================================================================
Received Import Request.
  Time since last request: 295.830945 seconds.
  path: Assets/NewMaterials/HullReplacement.mat
  artifactKey: Guid(a819a86b1694d3f4da6e4fb6f817feb9) Importer(815301076,1909f56bfc062723c751e8b465ee728b)
Start importing Assets/NewMaterials/HullReplacement.mat using Guid(a819a86b1694d3f4da6e4fb6f817feb9) Importer(815301076,1909f56bfc062723c751e8b465ee728b)  -> (artifact id: 'a2d2eaaa5b8cca4668e8e075ceed6008') in 0.012807 seconds 
