Using pre-set license
Built from '2021.3/evg/staging/82bb020e-b03b1330/draft-0' branch; Version is '2021.3.16f1 (4016570cf34f) revision 4200023'; Using compiler version '192829333'; Build Type 'Release'
OS: 'Windows 11  (10.0.22621) 64bit Core' Language: 'en' Physical Memory: 32673 MB
BatchMode: 1, IsHumanControllingUs: 0, StartBugReporterOnCrash: 0, Is64bit: 1, IsPro: 1

COMMAND LINE ARGUMENTS:
C:\Program Files\Unity\Hub\Editor\2021.3.16f1\Editor\Unity.exe
-adb2
-batchMode
-noUpm
-name
AssetImportWorker2
-projectPath
C:/Users/chase/Documents/Unity/CIS4930/ExtendedStay/ExtendedStayUnity
-logFile
Logs/AssetImportWorker2.log
-srvPort
50703
Successfully changed project path to: C:/Users/chase/Documents/Unity/CIS4930/ExtendedStay/ExtendedStayUnity
C:/Users/chase/Documents/Unity/CIS4930/ExtendedStay/ExtendedStayUnity
[UnityMemory] Configuration Parameters - Can be set up in boot.config
    "memorysetup-bucket-allocator-granularity=16"
    "memorysetup-bucket-allocator-bucket-count=8"
    "memorysetup-bucket-allocator-block-size=33554432"
    "memorysetup-bucket-allocator-block-count=8"
    "memorysetup-main-allocator-block-size=16777216"
    "memorysetup-thread-allocator-block-size=16777216"
    "memorysetup-gfx-main-allocator-block-size=16777216"
    "memorysetup-gfx-thread-allocator-block-size=16777216"
    "memorysetup-cache-allocator-block-size=4194304"
    "memorysetup-typetree-allocator-block-size=2097152"
    "memorysetup-profiler-bucket-allocator-granularity=16"
    "memorysetup-profiler-bucket-allocator-bucket-count=8"
    "memorysetup-profiler-bucket-allocator-block-size=33554432"
    "memorysetup-profiler-bucket-allocator-block-count=8"
    "memorysetup-profiler-allocator-block-size=16777216"
    "memorysetup-profiler-editor-allocator-block-size=1048576"
    "memorysetup-temp-allocator-size-main=16777216"
    "memorysetup-job-temp-allocator-block-size=2097152"
    "memorysetup-job-temp-allocator-block-size-background=1048576"
    "memorysetup-job-temp-allocator-reduction-small-platforms=262144"
    "memorysetup-temp-allocator-size-background-worker=32768"
    "memorysetup-temp-allocator-size-job-worker=262144"
    "memorysetup-temp-allocator-size-preload-manager=33554432"
    "memorysetup-temp-allocator-size-nav-mesh-worker=65536"
    "memorysetup-temp-allocator-size-audio-worker=65536"
    "memorysetup-temp-allocator-size-cloud-worker=32768"
    "memorysetup-temp-allocator-size-gi-baking-worker=262144"
    "memorysetup-temp-allocator-size-gfx=262144"
Player connection [22656] Host "[IP] 10.2.0.250 [Port] 0 [Flags] 2 [Guid] 2536083371 [EditorId] 2536083371 [Version] 1048832 [Id] WindowsEditor(7,ZinPC) [Debug] 1 [PackageName] WindowsEditor [ProjectName] Editor" joined multi-casting on [225.0.0.222:54997]...

Player connection [22656] Host "[IP] 10.2.0.250 [Port] 0 [Flags] 2 [Guid] 2536083371 [EditorId] 2536083371 [Version] 1048832 [Id] WindowsEditor(7,ZinPC) [Debug] 1 [PackageName] WindowsEditor [ProjectName] Editor" joined alternative multi-casting on [225.0.0.222:34997]...

Refreshing native plugins compatible for Editor in 142.42 ms, found 12 plugins.
Preloading 1 native plugins for Editor in 0.48 ms.
Initialize engine version: 2021.3.16f1 (4016570cf34f)
[Subsystems] Discovering subsystems at path C:/Program Files/Unity/Hub/Editor/2021.3.16f1/Editor/Data/Resources/UnitySubsystems
[Subsystems] Discovering subsystems at path C:/Users/chase/Documents/Unity/CIS4930/ExtendedStay/ExtendedStayUnity/Assets
GfxDevice: creating device client; threaded=0; jobified=0
Direct3D:
    Version:  Direct3D 11.0 [level 11.1]
    Renderer: NVIDIA GeForce RTX 2080 SUPER (ID=0x1e81)
    Vendor:   NVIDIA
    VRAM:     8001 MB
    Driver:   31.0.15.2849
Initialize mono
Mono path[0] = 'C:/Program Files/Unity/Hub/Editor/2021.3.16f1/Editor/Data/Managed'
Mono path[1] = 'C:/Program Files/Unity/Hub/Editor/2021.3.16f1/Editor/Data/MonoBleedingEdge/lib/mono/unityjit-win32'
Mono config path = 'C:/Program Files/Unity/Hub/Editor/2021.3.16f1/Editor/Data/MonoBleedingEdge/etc'
Using monoOptions --debugger-agent=transport=dt_socket,embedding=1,server=y,suspend=n,address=127.0.0.1:56652
Begin MonoManager ReloadAssembly
Registering precompiled unity dll's ...
Register platform support module: C:/Program Files/Unity/Hub/Editor/2021.3.16f1/Editor/Data/PlaybackEngines/WindowsStandaloneSupport/UnityEditor.WindowsStandalone.Extensions.dll
Registered in 0.004864 seconds.
Native extension for WindowsStandalone target not found
Refreshing native plugins compatible for Editor in 119.64 ms, found 12 plugins.
Preloading 1 native plugins for Editor in 0.07 ms.
Mono: successfully reloaded assembly
- Completed reload, in  0.607 seconds
Domain Reload Profiling:
	ReloadAssembly (607ms)
		BeginReloadAssembly (59ms)
			ExecutionOrderSort (0ms)
			DisableScriptedObjects (0ms)
			BackupInstance (0ms)
			ReleaseScriptingObjects (0ms)
			CreateAndSetChildDomain (1ms)
		EndReloadAssembly (452ms)
			LoadAssemblies (57ms)
			RebuildTransferFunctionScriptingTraits (0ms)
			SetupTypeCache (94ms)
			ReleaseScriptCaches (0ms)
			RebuildScriptCaches (25ms)
			SetupLoadedEditorAssemblies (287ms)
				LogAssemblyErrors (0ms)
				InitializePlatformSupportModulesInManaged (7ms)
				SetLoadedEditorAssemblies (0ms)
				RefreshPlugins (120ms)
				BeforeProcessingInitializeOnLoad (1ms)
				ProcessInitializeOnLoadAttributes (120ms)
				ProcessInitializeOnLoadMethodAttributes (39ms)
				AfterProcessingInitializeOnLoad (0ms)
				EditorAssembliesLoaded (0ms)
			ExecutionOrderSort2 (0ms)
			AwakeInstancesAfterBackupRestoration (0ms)
Platform modules already initialized, skipping
Registering precompiled user dll's ...
Registered in 0.011944 seconds.
Begin MonoManager ReloadAssembly
Symbol file LoadedFromMemory doesn't match image C:\Users\chase\Documents\Unity\CIS4930\ExtendedStay\ExtendedStayUnity\Library\PackageCache\com.unity.visualscripting@1.7.8\Editor\VisualScripting.Core\Dependencies\DotNetZip\Unity.VisualScripting.IonicZip.dll
Symbol file LoadedFromMemory doesn't match image C:\Users\chase\Documents\Unity\CIS4930\ExtendedStay\ExtendedStayUnity\Library\PackageCache\com.unity.visualscripting@1.7.8\Editor\VisualScripting.Core\Dependencies\YamlDotNet\Unity.VisualScripting.YamlDotNet.dll
Native extension for WindowsStandalone target not found
Refreshing native plugins compatible for Editor in 124.99 ms, found 12 plugins.
Preloading 1 native plugins for Editor in 0.08 ms.
Package Manager log level set to [2]
System.Reflection.TargetInvocationException: Exception has been thrown by the target of an invocation. ---> System.NullReferenceException: Object reference not set to an instance of an object
  at Unity.XR.Oculus.OculusLoader.AssetPathToAbsolutePath (System.String assetPath) [0x0003d] in C:\Users\chase\Documents\Unity\CIS4930\ExtendedStay\ExtendedStayUnity\Library\PackageCache\com.unity.xr.oculus@3.2.2\Runtime\OculusLoader.cs:296 
  at Unity.XR.Oculus.OculusLoader.EditorLoadOVRPlugin () [0x0007b] in C:\Users\chase\Documents\Unity\CIS4930\ExtendedStay\ExtendedStayUnity\Library\PackageCache\com.unity.xr.oculus@3.2.2\Runtime\OculusLoader.cs:281 
  at (wrapper managed-to-native) System.Reflection.RuntimeMethodInfo.InternalInvoke(System.Reflection.RuntimeMethodInfo,object,object[],System.Exception&)
  at System.Reflection.RuntimeMethodInfo.Invoke (System.Object obj, System.Reflection.BindingFlags invokeAttr, System.Reflection.Binder binder, System.Object[] parameters, System.Globalization.CultureInfo culture) [0x0006a] in <75633565436c42f0a6426b33f0132ade>:0 
   --- End of inner exception stack trace ---
  at System.Reflection.RuntimeMethodInfo.Invoke (System.Object obj, System.Reflection.BindingFlags invokeAttr, System.Reflection.Binder binder, System.Object[] parameters, System.Globalization.CultureInfo culture) [0x00083] in <75633565436c42f0a6426b33f0132ade>:0 
  at System.Reflection.MethodBase.Invoke (System.Object obj, System.Object[] parameters) [0x00000] in <75633565436c42f0a6426b33f0132ade>:0 
  at UnityEditor.EditorAssemblies.ProcessInitializeOnLoadMethodAttributes () [0x000a5] in <11d97693183d4a6bb35c29ae7882c66b>:0 
UnityEngine.StackTraceUtility:ExtractStackTrace ()
UnityEngine.DebugLogHandler:LogFormat (UnityEngine.LogType,UnityEngine.Object,string,object[])
UnityEngine.Logger:Log (UnityEngine.LogType,object)
UnityEngine.Debug:LogError (object)
UnityEditor.EditorAssemblies:ProcessInitializeOnLoadMethodAttributes ()

Mono: successfully reloaded assembly
- Completed reload, in  5.884 seconds
Domain Reload Profiling:
	ReloadAssembly (5885ms)
		BeginReloadAssembly (95ms)
			ExecutionOrderSort (0ms)
			DisableScriptedObjects (5ms)
			BackupInstance (0ms)
			ReleaseScriptingObjects (0ms)
			CreateAndSetChildDomain (18ms)
		EndReloadAssembly (5676ms)
			LoadAssemblies (3324ms)
			RebuildTransferFunctionScriptingTraits (0ms)
			SetupTypeCache (707ms)
			ReleaseScriptCaches (1ms)
			RebuildScriptCaches (57ms)
			SetupLoadedEditorAssemblies (1544ms)
				LogAssemblyErrors (0ms)
				InitializePlatformSupportModulesInManaged (3ms)
				SetLoadedEditorAssemblies (0ms)
				RefreshPlugins (125ms)
				BeforeProcessingInitializeOnLoad (124ms)
				ProcessInitializeOnLoadAttributes (423ms)
				ProcessInitializeOnLoadMethodAttributes (862ms)
				AfterProcessingInitializeOnLoad (6ms)
				EditorAssembliesLoaded (0ms)
			ExecutionOrderSort2 (0ms)
			AwakeInstancesAfterBackupRestoration (4ms)
Platform modules already initialized, skipping
========================================================================
Worker process is ready to serve import requests
Launched and connected shader compiler UnityShaderCompiler.exe after 0.05 seconds
Refreshing native plugins compatible for Editor in 1.24 ms, found 12 plugins.
Preloading 1 native plugins for Editor in 0.11 ms.
Unloading 5867 Unused Serialized files (Serialized files now loaded: 0)
Unloading 64 unused Assets / (0.8 MB). Loaded Objects now: 6296.
Memory consumption went from 228.2 MB to 227.5 MB.
Total: 4.938900 ms (FindLiveObjects: 0.583000 ms CreateObjectMapping: 0.353600 ms MarkObjects: 3.611000 ms  DeleteObjects: 0.389800 ms)

AssetImportParameters requested are different than current active one (requested -> active):
  custom:video-decoder-ogg-theora: a1e56fd34408186e4bbccfd4996cb3dc -> 
  custom:container-muxer-webm: aa71ff27fc2769a1b78a27578f13a17b -> 
  custom:container-demuxer-webm: 4f35f7cbe854078d1ac9338744f61a02 -> 
  custom:video-encoder-webm-vp8: eb34c28f22e8b96e1ab97ce403110664 -> 
  custom:video-codec-MediaFoundation-h265: 746d11721c4dcdbdad8f713fa42b33f4 -> 
  custom:audio-encoder-webm-vorbis: bf7c407c2cedff20999df2af8eb42d56 -> 
  custom:framework-win-MediaFoundation: 216162199b28c13a410421893ffa2e32 -> 
  custom:container-demuxer-ogg: 62fdf1f143b41e24485cea50d1cbac27 -> 
  custom:video-decoder-webm-vp8: 9c59270c3fd7afecdb556c50c9e8de78 -> 
  custom:audio-decoder-ogg-vorbis: bf7c407c2cedff20999df2af8eb42d56 -> 
========================================================================
Received Import Request.
  Time since last request: 81515.160382 seconds.
  path: Assets/Scenes/EmissiveLight.mat
  artifactKey: Guid(8a17798f1d4724fedaad9bd155bbb5f6) Importer(815301076,1909f56bfc062723c751e8b465ee728b)
Start importing Assets/Scenes/EmissiveLight.mat using Guid(8a17798f1d4724fedaad9bd155bbb5f6) Importer(815301076,1909f56bfc062723c751e8b465ee728b)  -> (artifact id: '2b0a701d67107698702a9ade0af74756') in 0.316221 seconds 
========================================================================
Received Import Request.
  Time since last request: 0.000030 seconds.
  path: Assets/Scenes/Glass.mat
  artifactKey: Guid(3fc3db3f11576408bb5a47351900f3b0) Importer(815301076,1909f56bfc062723c751e8b465ee728b)
Start importing Assets/Scenes/Glass.mat using Guid(3fc3db3f11576408bb5a47351900f3b0) Importer(815301076,1909f56bfc062723c751e8b465ee728b)  -> (artifact id: '428d0b304df02fbced7a588a567f1805') in 1.142836 seconds 
========================================================================
Received Import Request.
  Time since last request: 62.043166 seconds.
  path: Assets/ExampleAssets/Materials/Controller.mat
  artifactKey: Guid(3d2e36aacd7dc084b96e0755f1af4137) Importer(815301076,1909f56bfc062723c751e8b465ee728b)
Start importing Assets/ExampleAssets/Materials/Controller.mat using Guid(3d2e36aacd7dc084b96e0755f1af4137) Importer(815301076,1909f56bfc062723c751e8b465ee728b)  -> (artifact id: '4e1ff1a814744d9ddf960dd9d84f5bef') in 0.020804 seconds 
========================================================================
Received Import Request.
  Time since last request: 0.000022 seconds.
  path: Packages/com.unity.searcher/Editor/Resources/FlatSkin/Font/Roboto-Bold.ttf
  artifactKey: Guid(3750c318f40cab44a97d3a81beaefeb3) Importer(815301076,1909f56bfc062723c751e8b465ee728b)
Start importing Packages/com.unity.searcher/Editor/Resources/FlatSkin/Font/Roboto-Bold.ttf using Guid(3750c318f40cab44a97d3a81beaefeb3) Importer(815301076,1909f56bfc062723c751e8b465ee728b)  -> (artifact id: '65e0bbc8e50ad9df9fe362651e76636b') in 0.030637 seconds 
========================================================================
Received Import Request.
  Time since last request: 0.000019 seconds.
  path: Packages/com.unity.searcher/Editor/Resources/FlatSkin/Font/Roboto-BoldItalic.ttf
  artifactKey: Guid(dfb97a9307a577a41bcacba34b9a7e32) Importer(815301076,1909f56bfc062723c751e8b465ee728b)
Start importing Packages/com.unity.searcher/Editor/Resources/FlatSkin/Font/Roboto-BoldItalic.ttf using Guid(dfb97a9307a577a41bcacba34b9a7e32) Importer(815301076,1909f56bfc062723c751e8b465ee728b)  -> (artifact id: '3a2c71eb3a16fedcaf7fd84d0a66b7ea') in 0.017757 seconds 
========================================================================
Received Import Request.
  Time since last request: 0.801987 seconds.
  path: Assets/KinoFog/Assets/CalibrationScene/SceneMaterials/CalibrationFloor.mat
  artifactKey: Guid(d681c1d72c3c16149abd2f0f25ca628c) Importer(815301076,1909f56bfc062723c751e8b465ee728b)
Start importing Assets/KinoFog/Assets/CalibrationScene/SceneMaterials/CalibrationFloor.mat using Guid(d681c1d72c3c16149abd2f0f25ca628c) Importer(815301076,1909f56bfc062723c751e8b465ee728b)  -> (artifact id: '0d2dd92913871c335832cdae558ece8c') in 0.082212 seconds 
========================================================================
Received Import Request.
  Time since last request: 144.933228 seconds.
  path: Assets/NewMaterials/Trees.mat
  artifactKey: Guid(a8585e1d254ba47bba424aab6bfddb0f) Importer(815301076,1909f56bfc062723c751e8b465ee728b)
Start importing Assets/NewMaterials/Trees.mat using Guid(a8585e1d254ba47bba424aab6bfddb0f) Importer(815301076,1909f56bfc062723c751e8b465ee728b)  -> (artifact id: '31ac93f14e08e39fccd9797321a0bb8a') in 0.015518 seconds 
========================================================================
Received Import Request.
  Time since last request: 11.802014 seconds.
  path: Assets/NewMaterials/HullReplacement.mat
  artifactKey: Guid(a819a86b1694d3f4da6e4fb6f817feb9) Importer(815301076,1909f56bfc062723c751e8b465ee728b)
Start importing Assets/NewMaterials/HullReplacement.mat using Guid(a819a86b1694d3f4da6e4fb6f817feb9) Importer(815301076,1909f56bfc062723c751e8b465ee728b)  -> (artifact id: '06a689aeb1355c68ad60786303c27598') in 0.013177 seconds 
========================================================================
Received Import Request.
  Time since last request: 85.707735 seconds.
  path: Assets/NewMaterials/HullReplacement.mat
  artifactKey: Guid(a819a86b1694d3f4da6e4fb6f817feb9) Importer(815301076,1909f56bfc062723c751e8b465ee728b)
Start importing Assets/NewMaterials/HullReplacement.mat using Guid(a819a86b1694d3f4da6e4fb6f817feb9) Importer(815301076,1909f56bfc062723c751e8b465ee728b)  -> (artifact id: '601a5fe6c78315748d3540bea78e50a0') in 0.011662 seconds 
========================================================================
Received Import Request.
  Time since last request: 581.867723 seconds.
  path: Assets/Scenes/Interior.mat
  artifactKey: Guid(164bf37772c7249398c7362f0be2a425) Importer(815301076,1909f56bfc062723c751e8b465ee728b)
Start importing Assets/Scenes/Interior.mat using Guid(164bf37772c7249398c7362f0be2a425) Importer(815301076,1909f56bfc062723c751e8b465ee728b)  -> (artifact id: '5234e699094d1f971eb7d2a71d3138eb') in 0.014065 seconds 
========================================================================
Received Import Request.
  Time since last request: 252.434869 seconds.
  path: Assets/Scenes/Ship.blend
  artifactKey: Guid(5f1d7e3facdb4414db31f699782bbad1) Importer(815301076,1909f56bfc062723c751e8b465ee728b)
Start importing Assets/Scenes/Ship.blend using Guid(5f1d7e3facdb4414db31f699782bbad1) Importer(815301076,1909f56bfc062723c751e8b465ee728b)  -> (artifact id: '83ce8f061c2dc931f97b638396a0fe78') in 0.422167 seconds 
========================================================================
Received Import Request.
  Time since last request: 132.779839 seconds.
  path: Assets/New Universal Render Pipeline Asset_Renderer.asset
  artifactKey: Guid(bb5ef06901cb64beea7c25f96d727d06) Importer(815301076,1909f56bfc062723c751e8b465ee728b)
Start importing Assets/New Universal Render Pipeline Asset_Renderer.asset using Guid(bb5ef06901cb64beea7c25f96d727d06) Importer(815301076,1909f56bfc062723c751e8b465ee728b)  -> (artifact id: '540d2510374201710bec53d9989945e0') in 0.007566 seconds 
========================================================================
Received Import Request.
  Time since last request: 9.245302 seconds.
  path: Assets/NewMaterials/Hollo.mat
  artifactKey: Guid(c951cbe81afffde43b9df5bef2427163) Importer(815301076,1909f56bfc062723c751e8b465ee728b)
Start importing Assets/NewMaterials/Hollo.mat using Guid(c951cbe81afffde43b9df5bef2427163) Importer(815301076,1909f56bfc062723c751e8b465ee728b)  -> (artifact id: 'fa81dcdf10eaeb78f5a96733eb355027') in 0.014080 seconds 
========================================================================
Received Import Request.
  Time since last request: 407.259095 seconds.
  path: Assets/NewMaterials/GroundReplacement.mat
  artifactKey: Guid(9d0a9ce125c79284c997cb8b2619608a) Importer(815301076,1909f56bfc062723c751e8b465ee728b)
Start importing Assets/NewMaterials/GroundReplacement.mat using Guid(9d0a9ce125c79284c997cb8b2619608a) Importer(815301076,1909f56bfc062723c751e8b465ee728b)  -> (artifact id: '7a14674812d07334dcff6121143b35d1') in 0.012502 seconds 
========================================================================
Received Import Request.
  Time since last request: 0.000027 seconds.
  path: Assets/NewMaterials/ShipInterior.mat
  artifactKey: Guid(67dc7922cb07c4c6ca34fa418f57ac64) Importer(815301076,1909f56bfc062723c751e8b465ee728b)
Start importing Assets/NewMaterials/ShipInterior.mat using Guid(67dc7922cb07c4c6ca34fa418f57ac64) Importer(815301076,1909f56bfc062723c751e8b465ee728b)  -> (artifact id: '170a6d0aaf740dfd49616569eabafc7a') in 0.617694 seconds 
========================================================================
Received Import Request.
  Time since last request: 61.476109 seconds.
  path: Assets/NewMaterials/GroundReplacement.mat
  artifactKey: Guid(9d0a9ce125c79284c997cb8b2619608a) Importer(815301076,1909f56bfc062723c751e8b465ee728b)
Start importing Assets/NewMaterials/GroundReplacement.mat using Guid(9d0a9ce125c79284c997cb8b2619608a) Importer(815301076,1909f56bfc062723c751e8b465ee728b)  -> (artifact id: '8f39547f29dbddb0044814a08e93b0de') in 0.010138 seconds 
========================================================================
Received Import Request.
  Time since last request: 69.450076 seconds.
  path: Assets/NewMaterials/GlassReplacement.mat
  artifactKey: Guid(4f7f70704c70df34dbf3bf3369f498eb) Importer(815301076,1909f56bfc062723c751e8b465ee728b)
Start importing Assets/NewMaterials/GlassReplacement.mat using Guid(4f7f70704c70df34dbf3bf3369f498eb) Importer(815301076,1909f56bfc062723c751e8b465ee728b)  -> (artifact id: 'd5c15feb6e372addab65c842c717d373') in 0.012010 seconds 
========================================================================
Received Import Request.
  Time since last request: 195.118903 seconds.
  path: Assets/Scenes/SampleScene.unity
  artifactKey: Guid(9fc0d4010bbf28b4594072e72b8655ab) Importer(815301076,1909f56bfc062723c751e8b465ee728b)
Start importing Assets/Scenes/SampleScene.unity using Guid(9fc0d4010bbf28b4594072e72b8655ab) Importer(815301076,1909f56bfc062723c751e8b465ee728b)  -> (artifact id: 'fe51a82c5fdb05183c1c32f29a8549a1') in 0.007147 seconds 
========================================================================
Received Import Request.
  Time since last request: 3.579431 seconds.
  path: Assets/Scenes/Ship.blend1
  artifactKey: Guid(2fd554e471e0afe48ab70d8e4bacc8d8) Importer(815301076,1909f56bfc062723c751e8b465ee728b)
Start importing Assets/Scenes/Ship.blend1 using Guid(2fd554e471e0afe48ab70d8e4bacc8d8) Importer(815301076,1909f56bfc062723c751e8b465ee728b)  -> (artifact id: 'dac9423fa3fb608da804f68b1e2b07e3') in 0.004031 seconds 
========================================================================
Received Import Request.
  Time since last request: 88.648111 seconds.
  path: Assets/NewMaterials/GlassReplacement.mat
  artifactKey: Guid(4f7f70704c70df34dbf3bf3369f498eb) Importer(815301076,1909f56bfc062723c751e8b465ee728b)
Start importing Assets/NewMaterials/GlassReplacement.mat using Guid(4f7f70704c70df34dbf3bf3369f498eb) Importer(815301076,1909f56bfc062723c751e8b465ee728b)  -> (artifact id: 'd6e05a25ac8c45a849dc1215afcdce88') in 0.011024 seconds 
========================================================================
Received Import Request.
  Time since last request: 0.000020 seconds.
  path: Assets/NewMaterials/Trees.mat
  artifactKey: Guid(a8585e1d254ba47bba424aab6bfddb0f) Importer(815301076,1909f56bfc062723c751e8b465ee728b)
Start importing Assets/NewMaterials/Trees.mat using Guid(a8585e1d254ba47bba424aab6bfddb0f) Importer(815301076,1909f56bfc062723c751e8b465ee728b)  -> (artifact id: '23c0c975be028fbfb3fbff26caa9c231') in 0.010661 seconds 
========================================================================
Received Import Request.
  Time since last request: 16.680617 seconds.
  path: Assets/NewMaterials/Thrust.mat
  artifactKey: Guid(568875e4651f34048a69eff71873bca4) Importer(815301076,1909f56bfc062723c751e8b465ee728b)
Start importing Assets/NewMaterials/Thrust.mat using Guid(568875e4651f34048a69eff71873bca4) Importer(815301076,1909f56bfc062723c751e8b465ee728b)  -> (artifact id: 'b3335fd290da9820ffa66bf06c42fa83') in 0.012362 seconds 
========================================================================
Received Import Request.
  Time since last request: 203.946692 seconds.
  path: Assets/NewMaterials/GroundReplacement.mat
  artifactKey: Guid(9d0a9ce125c79284c997cb8b2619608a) Importer(815301076,1909f56bfc062723c751e8b465ee728b)
Start importing Assets/NewMaterials/GroundReplacement.mat using Guid(9d0a9ce125c79284c997cb8b2619608a) Importer(815301076,1909f56bfc062723c751e8b465ee728b)  -> (artifact id: '926d58a62cea9fffd778b78a91019b3e') in 0.011664 seconds 
========================================================================
Received Import Request.
  Time since last request: 457.333454 seconds.
  path: Assets
  artifactKey: Guid(00000000000000001000000000000000) Importer(815301076,1909f56bfc062723c751e8b465ee728b)
Start importing Assets using Guid(00000000000000001000000000000000) Importer(815301076,1909f56bfc062723c751e8b465ee728b)  -> (artifact id: '79842766b460edbeab6a34051e857a80') in 0.007163 seconds 
========================================================================
Received Import Request.
  Time since last request: 14.595285 seconds.
  path: Assets/HDRI-II.png
  artifactKey: Guid(a06b9395dc45afd4392c81df8d95d05f) Importer(815301076,1909f56bfc062723c751e8b465ee728b)
Start importing Assets/HDRI-II.png using Guid(a06b9395dc45afd4392c81df8d95d05f) Importer(815301076,1909f56bfc062723c751e8b465ee728b)  -> (artifact id: '5568a1784abc6ea7717e20a009e46000') in 0.039981 seconds 
========================================================================
Received Import Request.
  Time since last request: 5.113370 seconds.
  path: Assets/KinoFog/Assets/Test/Skybox.mat
  artifactKey: Guid(c4d98cf9cb8c5400ba59017d7084afd5) Importer(815301076,1909f56bfc062723c751e8b465ee728b)
Start importing Assets/KinoFog/Assets/Test/Skybox.mat using Guid(c4d98cf9cb8c5400ba59017d7084afd5) Importer(815301076,1909f56bfc062723c751e8b465ee728b)  -> (artifact id: 'c89d32333d00ccd484735fe42706cb0d') in 0.042824 seconds 
========================================================================
Received Import Request.
  Time since last request: 28.903029 seconds.
  path: Assets/New Material.mat
  artifactKey: Guid(0d9b75c9207a39546a412f36562a57de) Importer(815301076,1909f56bfc062723c751e8b465ee728b)
Start importing Assets/New Material.mat using Guid(0d9b75c9207a39546a412f36562a57de) Importer(815301076,1909f56bfc062723c751e8b465ee728b)  -> (artifact id: 'b404242b6e18ac629e8fdce49b291069') in 0.013419 seconds 
========================================================================
Received Import Request.
  Time since last request: 82.626210 seconds.
  path: Assets/ExampleAssets/Models/XRControllerRight.fbx
  artifactKey: Guid(2d10b9b89f2474de9800b152c3d00004) Importer(815301076,1909f56bfc062723c751e8b465ee728b)
Start importing Assets/ExampleAssets/Models/XRControllerRight.fbx using Guid(2d10b9b89f2474de9800b152c3d00004) Importer(815301076,1909f56bfc062723c751e8b465ee728b)  -> (artifact id: 'cf57b218d5d98574395c4e2cec4e0c58') in 0.120512 seconds 
========================================================================
Received Import Request.
  Time since last request: 1.180418 seconds.
  path: Assets/ExampleAssets/Materials/Grid.mat
  artifactKey: Guid(3f9336a53d1d2ea43895699cc52cb411) Importer(815301076,1909f56bfc062723c751e8b465ee728b)
Start importing Assets/ExampleAssets/Materials/Grid.mat using Guid(3f9336a53d1d2ea43895699cc52cb411) Importer(815301076,1909f56bfc062723c751e8b465ee728b)  -> (artifact id: '530d42eb02cf5a5bef473b4b08802228') in 0.011257 seconds 
========================================================================
Received Import Request.
  Time since last request: 0.020104 seconds.
  path: Packages/com.unity.searcher/Editor/Resources/FlatSkin/Font/Roboto-Thin.ttf
  artifactKey: Guid(19a9abb883540be48b75b951a927ae03) Importer(815301076,1909f56bfc062723c751e8b465ee728b)
Start importing Packages/com.unity.searcher/Editor/Resources/FlatSkin/Font/Roboto-Thin.ttf using Guid(19a9abb883540be48b75b951a927ae03) Importer(815301076,1909f56bfc062723c751e8b465ee728b)  -> (artifact id: 'af01b49f0121d9b57025deb25c3c1a93') in 0.018727 seconds 
========================================================================
Received Import Request.
  Time since last request: 0.000024 seconds.
  path: Packages/com.unity.searcher/Editor/Resources/FlatSkin/Font/Roboto-Italic.ttf
  artifactKey: Guid(c839255fc8f6b4b4d90bf8c1af9f9bd1) Importer(815301076,1909f56bfc062723c751e8b465ee728b)
Start importing Packages/com.unity.searcher/Editor/Resources/FlatSkin/Font/Roboto-Italic.ttf using Guid(c839255fc8f6b4b4d90bf8c1af9f9bd1) Importer(815301076,1909f56bfc062723c751e8b465ee728b)  -> (artifact id: '579b28407abe1ac3c4d91a9cfb4bc6eb') in 0.017941 seconds 
========================================================================
Received Import Request.
  Time since last request: 0.000022 seconds.
  path: Packages/com.unity.searcher/Editor/Resources/FlatSkin/Font/Roboto-Black.ttf
  artifactKey: Guid(1062c701058745940ae5dca6219c64c8) Importer(815301076,1909f56bfc062723c751e8b465ee728b)
Start importing Packages/com.unity.searcher/Editor/Resources/FlatSkin/Font/Roboto-Black.ttf using Guid(1062c701058745940ae5dca6219c64c8) Importer(815301076,1909f56bfc062723c751e8b465ee728b)  -> (artifact id: '0e6cc11184d8bb52f8fd98cbb9fdca69') in 0.018922 seconds 
========================================================================
Received Import Request.
  Time since last request: 0.000027 seconds.
  path: Packages/com.unity.searcher/Editor/Resources/FlatSkin/Font/Roboto-Light.ttf
  artifactKey: Guid(2a29e27936eb547458f646f71125b264) Importer(815301076,1909f56bfc062723c751e8b465ee728b)
Start importing Packages/com.unity.searcher/Editor/Resources/FlatSkin/Font/Roboto-Light.ttf using Guid(2a29e27936eb547458f646f71125b264) Importer(815301076,1909f56bfc062723c751e8b465ee728b)  -> (artifact id: 'c000da281614f8e751e779cae126545c') in 0.017722 seconds 
========================================================================
Received Import Request.
  Time since last request: 0.000021 seconds.
  path: Packages/com.unity.searcher/Editor/Resources/FlatSkin/Font/Roboto-LightItalic.ttf
  artifactKey: Guid(5e63515167650a541b309ba3bfd4db3d) Importer(815301076,1909f56bfc062723c751e8b465ee728b)
Start importing Packages/com.unity.searcher/Editor/Resources/FlatSkin/Font/Roboto-LightItalic.ttf using Guid(5e63515167650a541b309ba3bfd4db3d) Importer(815301076,1909f56bfc062723c751e8b465ee728b)  -> (artifact id: '74c6d45b8e9ec8eefa620c084a1d7ec4') in 0.016668 seconds 
========================================================================
Received Import Request.
  Time since last request: 15.245791 seconds.
  path: Assets/New Material.mat
  artifactKey: Guid(0d9b75c9207a39546a412f36562a57de) Importer(815301076,1909f56bfc062723c751e8b465ee728b)
Start importing Assets/New Material.mat using Guid(0d9b75c9207a39546a412f36562a57de) Importer(815301076,1909f56bfc062723c751e8b465ee728b)  -> (artifact id: '87304522727325172ae3e1bc0f0fabbc') in 0.010558 seconds 
========================================================================
Received Import Request.
  Time since last request: 132.491138 seconds.
  path: Assets/New Material.mat
  artifactKey: Guid(0d9b75c9207a39546a412f36562a57de) Importer(815301076,1909f56bfc062723c751e8b465ee728b)
Start importing Assets/New Material.mat using Guid(0d9b75c9207a39546a412f36562a57de) Importer(815301076,1909f56bfc062723c751e8b465ee728b)  -> (artifact id: '87406061b5e113c2715408030bbae48d') in 0.047830 seconds 
========================================================================
Received Import Request.
  Time since last request: 147.996632 seconds.
  path: Assets/NewMaterials/GroundReplacement.mat
  artifactKey: Guid(9d0a9ce125c79284c997cb8b2619608a) Importer(815301076,1909f56bfc062723c751e8b465ee728b)
Start importing Assets/NewMaterials/GroundReplacement.mat using Guid(9d0a9ce125c79284c997cb8b2619608a) Importer(815301076,1909f56bfc062723c751e8b465ee728b)  -> (artifact id: '23e9f5db9104be3caeabb66e14f8cbd5') in 0.010667 seconds 
========================================================================
Received Import Request.
  Time since last request: 93.962733 seconds.
  path: Assets/New Material.mat
  artifactKey: Guid(0d9b75c9207a39546a412f36562a57de) Importer(815301076,1909f56bfc062723c751e8b465ee728b)
Start importing Assets/New Material.mat using Guid(0d9b75c9207a39546a412f36562a57de) Importer(815301076,1909f56bfc062723c751e8b465ee728b)  -> (artifact id: '8c292ca3d35494298db13b6bd2e98337') in 0.026307 seconds 
